<?xml version="1.0" encoding="UTF-8"?>
<!-- Generated by org.testng.reporters.JUnitXMLReporter -->
<testsuite ignored="0" hostname="DESKTOP-97ESRS2" failures="0" tests="4" name="Default test" time="64.266" errors="0" timestamp="2024-10-02T00:00:04 EDT">
  <testcase classname="OrangeHRM.OrangeHRM.LoginTest" name="inValidLoginTest" time="4.618"/>
  <testcase classname="OrangeHRM.OrangeHRM.LoginTest" name="inValidPassword" time="0.26"/>
  <testcase classname="OrangeHRM.OrangeHRM.LoginTest" name="inValidUsername" time="0.322"/>
  <testcase classname="OrangeHRM.OrangeHRM.LoginTest" name="validLoginTest" time="5.523"/>
</testsuite> <!-- Default test -->
