<?xml version="1.0" encoding="UTF-8"?>
<testng-results ignored="0" total="4" passed="4" failed="0" skipped="0">
  <reporter-output>
  </reporter-output>
  <suite started-at="2024-10-01T23:59:00 EDT" name="Default suite" finished-at="2024-10-02T00:00:04 EDT" duration-ms="64266">
    <groups>
    </groups>
    <test started-at="2024-10-01T23:59:00 EDT" name="Default test" finished-at="2024-10-02T00:00:04 EDT" duration-ms="64266">
      <class name="OrangeHRM.OrangeHRM.LoginTest">
        <test-method is-config="true" signature="setUpBrowser()[pri:0, instance:OrangeHRM.OrangeHRM.LoginTest@54d9d12d]" started-at="2024-10-01T23:59:00 EDT" name="setUpBrowser" finished-at="2024-10-01T23:59:14 EDT" duration-ms="13886" status="PASS">
          <reporter-output>
          </reporter-output>
        </test-method> <!-- setUpBrowser -->
        <test-method signature="inValidLoginTest()[pri:0, instance:OrangeHRM.OrangeHRM.LoginTest@54d9d12d]" started-at="2024-10-01T23:59:14 EDT" name="inValidLoginTest" finished-at="2024-10-01T23:59:18 EDT" duration-ms="4618" status="PASS">
          <reporter-output>
          </reporter-output>
        </test-method> <!-- inValidLoginTest -->
        <test-method is-config="true" signature="tearDown()[pri:0, instance:OrangeHRM.OrangeHRM.LoginTest@54d9d12d]" started-at="2024-10-01T23:59:18 EDT" name="tearDown" finished-at="2024-10-01T23:59:20 EDT" duration-ms="1272" status="PASS">
          <reporter-output>
          </reporter-output>
        </test-method> <!-- tearDown -->
        <test-method is-config="true" signature="setUpBrowser()[pri:0, instance:OrangeHRM.OrangeHRM.LoginTest@54d9d12d]" started-at="2024-10-01T23:59:20 EDT" name="setUpBrowser" finished-at="2024-10-01T23:59:31 EDT" duration-ms="11172" status="PASS">
          <reporter-output>
          </reporter-output>
        </test-method> <!-- setUpBrowser -->
        <test-method signature="inValidPassword()[pri:0, instance:OrangeHRM.OrangeHRM.LoginTest@54d9d12d]" started-at="2024-10-01T23:59:31 EDT" name="inValidPassword" finished-at="2024-10-01T23:59:31 EDT" duration-ms="260" status="PASS">
          <reporter-output>
          </reporter-output>
        </test-method> <!-- inValidPassword -->
        <test-method is-config="true" signature="tearDown()[pri:0, instance:OrangeHRM.OrangeHRM.LoginTest@54d9d12d]" started-at="2024-10-01T23:59:31 EDT" name="tearDown" finished-at="2024-10-01T23:59:32 EDT" duration-ms="445" status="PASS">
          <reporter-output>
          </reporter-output>
        </test-method> <!-- tearDown -->
        <test-method is-config="true" signature="setUpBrowser()[pri:0, instance:OrangeHRM.OrangeHRM.LoginTest@54d9d12d]" started-at="2024-10-01T23:59:32 EDT" name="setUpBrowser" finished-at="2024-10-01T23:59:44 EDT" duration-ms="12283" status="PASS">
          <reporter-output>
          </reporter-output>
        </test-method> <!-- setUpBrowser -->
        <test-method signature="inValidUsername()[pri:0, instance:OrangeHRM.OrangeHRM.LoginTest@54d9d12d]" started-at="2024-10-01T23:59:44 EDT" name="inValidUsername" finished-at="2024-10-01T23:59:44 EDT" duration-ms="322" status="PASS">
          <reporter-output>
          </reporter-output>
        </test-method> <!-- inValidUsername -->
        <test-method is-config="true" signature="tearDown()[pri:0, instance:OrangeHRM.OrangeHRM.LoginTest@54d9d12d]" started-at="2024-10-01T23:59:44 EDT" name="tearDown" finished-at="2024-10-01T23:59:45 EDT" duration-ms="763" status="PASS">
          <reporter-output>
          </reporter-output>
        </test-method> <!-- tearDown -->
        <test-method is-config="true" signature="setUpBrowser()[pri:0, instance:OrangeHRM.OrangeHRM.LoginTest@54d9d12d]" started-at="2024-10-01T23:59:45 EDT" name="setUpBrowser" finished-at="2024-10-01T23:59:58 EDT" duration-ms="13479" status="PASS">
          <reporter-output>
          </reporter-output>
        </test-method> <!-- setUpBrowser -->
        <test-method signature="validLoginTest()[pri:0, instance:OrangeHRM.OrangeHRM.LoginTest@54d9d12d]" started-at="2024-10-01T23:59:58 EDT" name="validLoginTest" finished-at="2024-10-02T00:00:04 EDT" duration-ms="5523" status="PASS">
          <reporter-output>
          </reporter-output>
        </test-method> <!-- validLoginTest -->
        <test-method is-config="true" signature="tearDown()[pri:0, instance:OrangeHRM.OrangeHRM.LoginTest@54d9d12d]" started-at="2024-10-02T00:00:04 EDT" name="tearDown" finished-at="2024-10-02T00:00:04 EDT" duration-ms="173" status="PASS">
          <reporter-output>
          </reporter-output>
        </test-method> <!-- tearDown -->
      </class> <!-- OrangeHRM.OrangeHRM.LoginTest -->
    </test> <!-- Default test -->
  </suite> <!-- Default suite -->
</testng-results>
